# JRE version: OpenJDK Runtime Environment Temurin-17.0.6+10 (17.0.6+10) (build 17.0.6+10)
# Java VM: OpenJDK 64-Bit Server VM Temurin-17.0.6+10 (17.0.6+10, mixed mode, tiered, compressed oops, compressed class ptrs, parallel gc, bsd-amd64)
GC Precious Log:
 CPUs: 16 total, 16 available
 Memory: 32768M
 Large Page Support: Disabled
 NUMA Support: Disabled
 Compressed Oops: Enabled (Zero based)
 Alignments: Space 512K, Generation 512K, Heap 2M
 Heap Min Capacity: 100M
 Heap Initial Capacity: 100M
 Heap Max Capacity: 1G
 Pre-touch: Disabled
 Parallel Workers: 13
Heap:
 PSYoungGen      total 23552K, used 2564K [0x00000007eab00000, 0x00000007ec500000, 0x0000000800000000)
  eden space 20480K, 0% used [0x00000007eab00000,0x00000007eab00000,0x00000007ebf00000)
  from space 3072K, 83% used [0x00000007ec000000,0x00000007ec2813d0,0x00000007ec300000)
  to   space 2048K, 0% used [0x00000007ec300000,0x00000007ec300000,0x00000007ec500000)
 ParOldGen       total 68608K, used 21008K [0x00000007c0000000, 0x00000007c4300000, 0x00000007eab00000)
  object space 68608K, 30% used [0x00000007c0000000,0x00000007c1484378,0x00000007c4300000)
 Metaspace       used 35138K, committed 35840K, reserved 1081344K
  class space    used 3584K, committed 3904K, reserved 1048576K
GC Heap History (20 events):
Event: 1.077 GC heap after
{Heap after GC invocations=5 (full 1):
 PSYoungGen      total 29696K, used 0K [0x00000007eab00000, 0x00000007ecc00000, 0x0000000800000000)
  eden space 25600K, 0% used [0x00000007eab00000,0x00000007eab00000,0x00000007ec400000)
  from space 4096K, 0% used [0x00000007ec800000,0x00000007ec800000,0x00000007ecc00000)
  to   space 4096K, 0% used [0x00000007ec400000,0x00000007ec400000,0x00000007ec800000)
 ParOldGen       total 68608K, used 7232K [0x00000007c0000000, 0x00000007c4300000, 0x00000007eab00000)
  object space 68608K, 10% used [0x00000007c0000000,0x00000007c0710118,0x00000007c4300000)
 Metaspace       used 21142K, committed 21504K, reserved 1073152K
  class space    used 2170K, committed 2304K, reserved 1048576K
}
Event: 1.214 GC heap before
{Heap before GC invocations=6 (full 1):
 PSYoungGen      total 29696K, used 25600K [0x00000007eab00000, 0x00000007ecc00000, 0x0000000800000000)
  eden space 25600K, 100% used [0x00000007eab00000,0x00000007ec400000,0x00000007ec400000)
  from space 4096K, 0% used [0x00000007ec800000,0x00000007ec800000,0x00000007ecc00000)
  to   space 4096K, 0% used [0x00000007ec400000,0x00000007ec400000,0x00000007ec800000)
 ParOldGen       total 68608K, used 7232K [0x00000007c0000000, 0x00000007c4300000, 0x00000007eab00000)
  object space 68608K, 10% used [0x00000007c0000000,0x00000007c0710118,0x00000007c4300000)
 Metaspace       used 24681K, committed 25088K, reserved 1073152K
  class space    used 2451K, committed 2624K, reserved 1048576K
}
Event: 1.214 GC heap after
{Heap after GC invocations=6 (full 1):
 PSYoungGen      total 25600K, used 384K [0x00000007eab00000, 0x00000007ec880000, 0x0000000800000000)
  eden space 25088K, 0% used [0x00000007eab00000,0x00000007eab00000,0x00000007ec380000)
  from space 512K, 75% used [0x00000007ec400000,0x00000007ec460000,0x00000007ec480000)
  to   space 2048K, 0% used [0x00000007ec680000,0x00000007ec680000,0x00000007ec880000)
 ParOldGen       total 68608K, used 7240K [0x00000007c0000000, 0x00000007c4300000, 0x00000007eab00000)
  object space 68608K, 10% used [0x00000007c0000000,0x00000007c0712118,0x00000007c4300000)
 Metaspace       used 24681K, committed 25088K, reserved 1073152K
  class space    used 2451K, committed 2624K, reserved 1048576K
}
Event: 1.327 GC heap before
{Heap before GC invocations=7 (full 1):
 PSYoungGen      total 25600K, used 25472K [0x00000007eab00000, 0x00000007ec880000, 0x0000000800000000)
  eden space 25088K, 100% used [0x00000007eab00000,0x00000007ec380000,0x00000007ec380000)
  from space 512K, 75% used [0x00000007ec400000,0x00000007ec460000,0x00000007ec480000)
  to   space 2048K, 0% used [0x00000007ec680000,0x00000007ec680000,0x00000007ec880000)
 ParOldGen       total 68608K, used 7240K [0x00000007c0000000, 0x00000007c4300000, 0x00000007eab00000)
  object space 68608K, 10% used [0x00000007c0000000,0x00000007c0712118,0x00000007c4300000)
 Metaspace       used 27606K, committed 28032K, reserved 1081344K
  class space    used 2689K, committed 2880K, reserved 1048576K
}
Event: 1.328 GC heap after
{Heap after GC invocations=7 (full 1):
 PSYoungGen      total 25600K, used 982K [0x00000007eab00000, 0x00000007ec780000, 0x0000000800000000)
  eden space 24576K, 0% used [0x00000007eab00000,0x00000007eab00000,0x00000007ec300000)
  from space 1024K, 95% used [0x00000007ec680000,0x00000007ec775bf0,0x00000007ec780000)
  to   space 1536K, 0% used [0x00000007ec480000,0x00000007ec480000,0x00000007ec600000)
 ParOldGen       total 68608K, used 7248K [0x00000007c0000000, 0x00000007c4300000, 0x00000007eab00000)
  object space 68608K, 10% used [0x00000007c0000000,0x00000007c0714118,0x00000007c4300000)
 Metaspace       used 27606K, committed 28032K, reserved 1081344K
  class space    used 2689K, committed 2880K, reserved 1048576K
}
Event: 2.100 GC heap before
{Heap before GC invocations=8 (full 1):
 PSYoungGen      total 25600K, used 25558K [0x00000007eab00000, 0x00000007ec780000, 0x0000000800000000)
  eden space 24576K, 100% used [0x00000007eab00000,0x00000007ec300000,0x00000007ec300000)
  from space 1024K, 95% used [0x00000007ec680000,0x00000007ec775bf0,0x00000007ec780000)
  to   space 1536K, 0% used [0x00000007ec480000,0x00000007ec480000,0x00000007ec600000)
 ParOldGen       total 68608K, used 7248K [0x00000007c0000000, 0x00000007c4300000, 0x00000007eab00000)
  object space 68608K, 10% used [0x00000007c0000000,0x00000007c0714118,0x00000007c4300000)
 Metaspace       used 31800K, committed 32448K, reserved 1081344K
  class space    used 3224K, committed 3456K, reserved 1048576K
}
Event: 2.101 GC heap after
{Heap after GC invocations=8 (full 1):
 PSYoungGen      total 25600K, used 1522K [0x00000007eab00000, 0x00000007ec780000, 0x0000000800000000)
  eden space 24064K, 0% used [0x00000007eab00000,0x00000007eab00000,0x00000007ec280000)
  from space 1536K, 99% used [0x00000007ec480000,0x00000007ec5fc948,0x00000007ec600000)
  to   space 1536K, 0% used [0x00000007ec600000,0x00000007ec600000,0x00000007ec780000)
 ParOldGen       total 68608K, used 7770K [0x00000007c0000000, 0x00000007c4300000, 0x00000007eab00000)
  object space 68608K, 11% used [0x00000007c0000000,0x00000007c0796978,0x00000007c4300000)
 Metaspace       used 31800K, committed 32448K, reserved 1081344K
  class space    used 3224K, committed 3456K, reserved 1048576K
}
Event: 2.347 GC heap before
{Heap before GC invocations=9 (full 1):
 PSYoungGen      total 25600K, used 25586K [0x00000007eab00000, 0x00000007ec780000, 0x0000000800000000)
  eden space 24064K, 100% used [0x00000007eab00000,0x00000007ec280000,0x00000007ec280000)
  from space 1536K, 99% used [0x00000007ec480000,0x00000007ec5fc948,0x00000007ec600000)
  to   space 1536K, 0% used [0x00000007ec600000,0x00000007ec600000,0x00000007ec780000)
 ParOldGen       total 68608K, used 7770K [0x00000007c0000000, 0x00000007c4300000, 0x00000007eab00000)
  object space 68608K, 11% used [0x00000007c0000000,0x00000007c0796978,0x00000007c4300000)
 Metaspace       used 34503K, committed 35200K, reserved 1081344K
  class space    used 3513K, committed 3776K, reserved 1048576K
}
Event: 2.349 GC heap after
{Heap after GC invocations=9 (full 1):
 PSYoungGen      total 25088K, used 1525K [0x00000007eab00000, 0x00000007eca00000, 0x0000000800000000)
  eden space 23552K, 0% used [0x00000007eab00000,0x00000007eab00000,0x00000007ec200000)
  from space 1536K, 99% used [0x00000007ec600000,0x00000007ec77d630,0x00000007ec780000)
  to   space 4096K, 0% used [0x00000007ec200000,0x00000007ec200000,0x00000007ec600000)
 ParOldGen       total 68608K, used 9714K [0x00000007c0000000, 0x00000007c4300000, 0x00000007eab00000)
  object space 68608K, 14% used [0x00000007c0000000,0x00000007c097c930,0x00000007c4300000)
 Metaspace       used 34503K, committed 35200K, reserved 1081344K
  class space    used 3513K, committed 3776K, reserved 1048576K
}
Event: 2.434 GC heap before
{Heap before GC invocations=10 (full 1):
 PSYoungGen      total 25088K, used 25077K [0x00000007eab00000, 0x00000007eca00000, 0x0000000800000000)
  eden space 23552K, 100% used [0x00000007eab00000,0x00000007ec200000,0x00000007ec200000)
  from space 1536K, 99% used [0x00000007ec600000,0x00000007ec77d630,0x00000007ec780000)
  to   space 4096K, 0% used [0x00000007ec200000,0x00000007ec200000,0x00000007ec600000)
 ParOldGen       total 68608K, used 9714K [0x00000007c0000000, 0x00000007c4300000, 0x00000007eab00000)
  object space 68608K, 14% used [0x00000007c0000000,0x00000007c097c930,0x00000007c4300000)
 Metaspace       used 34684K, committed 35392K, reserved 1081344K
  class space    used 3532K, committed 3840K, reserved 1048576K
}
Event: 2.436 GC heap after
{Heap after GC invocations=10 (full 1):
 PSYoungGen      total 26624K, used 3482K [0x00000007eab00000, 0x00000007ec880000, 0x0000000800000000)
  eden space 23040K, 0% used [0x00000007eab00000,0x00000007eab00000,0x00000007ec180000)
  from space 3584K, 97% used [0x00000007ec200000,0x00000007ec566900,0x00000007ec580000)
  to   space 3072K, 0% used [0x00000007ec580000,0x00000007ec580000,0x00000007ec880000)
 ParOldGen       total 68608K, used 10164K [0x00000007c0000000, 0x00000007c4300000, 0x00000007eab00000)
  object space 68608K, 14% used [0x00000007c0000000,0x00000007c09ed350,0x00000007c4300000)
 Metaspace       used 34684K, committed 35392K, reserved 1081344K
  class space    used 3532K, committed 3840K, reserved 1048576K
}
Event: 2.503 GC heap before
{Heap before GC invocations=11 (full 1):
 PSYoungGen      total 26624K, used 26522K [0x00000007eab00000, 0x00000007ec880000, 0x0000000800000000)
  eden space 23040K, 100% used [0x00000007eab00000,0x00000007ec180000,0x00000007ec180000)
  from space 3584K, 97% used [0x00000007ec200000,0x00000007ec566900,0x00000007ec580000)
  to   space 3072K, 0% used [0x00000007ec580000,0x00000007ec580000,0x00000007ec880000)
 ParOldGen       total 68608K, used 10164K [0x00000007c0000000, 0x00000007c4300000, 0x00000007eab00000)
  object space 68608K, 14% used [0x00000007c0000000,0x00000007c09ed350,0x00000007c4300000)
 Metaspace       used 34760K, committed 35456K, reserved 1081344K
  class space    used 3544K, committed 3840K, reserved 1048576K
}
Event: 2.506 GC heap after
{Heap after GC invocations=11 (full 1):
 PSYoungGen      total 23552K, used 3040K [0x00000007eab00000, 0x00000007ece00000, 0x0000000800000000)
  eden space 20480K, 0% used [0x00000007eab00000,0x00000007eab00000,0x00000007ebf00000)
  from space 3072K, 98% used [0x00000007ec580000,0x00000007ec878010,0x00000007ec880000)
  to   space 6656K, 0% used [0x00000007ebf00000,0x00000007ebf00000,0x00000007ec580000)
 ParOldGen       total 68608K, used 13181K [0x00000007c0000000, 0x00000007c4300000, 0x00000007eab00000)
  object space 68608K, 19% used [0x00000007c0000000,0x00000007c0cdf4b8,0x00000007c4300000)
 Metaspace       used 34760K, committed 35456K, reserved 1081344K
  class space    used 3544K, committed 3840K, reserved 1048576K
}
Event: 2.544 GC heap before
{Heap before GC invocations=12 (full 1):
 PSYoungGen      total 23552K, used 23520K [0x00000007eab00000, 0x00000007ece00000, 0x0000000800000000)
  eden space 20480K, 100% used [0x00000007eab00000,0x00000007ebf00000,0x00000007ebf00000)
  from space 3072K, 98% used [0x00000007ec580000,0x00000007ec878010,0x00000007ec880000)
  to   space 6656K, 0% used [0x00000007ebf00000,0x00000007ebf00000,0x00000007ec580000)
 ParOldGen       total 68608K, used 13181K [0x00000007c0000000, 0x00000007c4300000, 0x00000007eab00000)
  object space 68608K, 19% used [0x00000007c0000000,0x00000007c0cdf4b8,0x00000007c4300000)
 Metaspace       used 34760K, committed 35456K, reserved 1081344K
  class space    used 3544K, committed 3840K, reserved 1048576K
}
Event: 2.549 GC heap after
{Heap after GC invocations=12 (full 1):
 PSYoungGen      total 23040K, used 2432K [0x00000007eab00000, 0x00000007ec700000, 0x0000000800000000)
  eden space 20480K, 0% used [0x00000007eab00000,0x00000007eab00000,0x00000007ebf00000)
  from space 2560K, 95% used [0x00000007ebf00000,0x00000007ec160000,0x00000007ec180000)
  to   space 4096K, 0% used [0x00000007ec300000,0x00000007ec300000,0x00000007ec700000)
 ParOldGen       total 68608K, used 16296K [0x00000007c0000000, 0x00000007c4300000, 0x00000007eab00000)
  object space 68608K, 23% used [0x00000007c0000000,0x00000007c0fea368,0x00000007c4300000)
 Metaspace       used 34760K, committed 35456K, reserved 1081344K
  class space    used 3544K, committed 3840K, reserved 1048576K
}
Event: 2.580 GC heap before
{Heap before GC invocations=13 (full 1):
 PSYoungGen      total 23040K, used 22912K [0x00000007eab00000, 0x00000007ec700000, 0x0000000800000000)
  eden space 20480K, 100% used [0x00000007eab00000,0x00000007ebf00000,0x00000007ebf00000)
  from space 2560K, 95% used [0x00000007ebf00000,0x00000007ec160000,0x00000007ec180000)
  to   space 4096K, 0% used [0x00000007ec300000,0x00000007ec300000,0x00000007ec700000)
 ParOldGen       total 68608K, used 16296K [0x00000007c0000000, 0x00000007c4300000, 0x00000007eab00000)
  object space 68608K, 23% used [0x00000007c0000000,0x00000007c0fea368,0x00000007c4300000)
 Metaspace       used 34760K, committed 35456K, reserved 1081344K
  class space    used 3544K, committed 3840K, reserved 1048576K
}
Event: 2.583 GC heap after
{Heap after GC invocations=13 (full 1):
 PSYoungGen      total 23552K, used 2592K [0x00000007eab00000, 0x00000007ec600000, 0x0000000800000000)
  eden space 20480K, 0% used [0x00000007eab00000,0x00000007eab00000,0x00000007ebf00000)
  from space 3072K, 84% used [0x00000007ec300000,0x00000007ec588010,0x00000007ec600000)
  to   space 3072K, 0% used [0x00000007ec000000,0x00000007ec000000,0x00000007ec300000)
 ParOldGen       total 68608K, used 18560K [0x00000007c0000000, 0x00000007c4300000, 0x00000007eab00000)
  object space 68608K, 27% used [0x00000007c0000000,0x00000007c1220368,0x00000007c4300000)
 Metaspace       used 34760K, committed 35456K, reserved 1081344K
  class space    used 3544K, committed 3840K, reserved 1048576K
}
Event: 2.652 GC heap before
{Heap before GC invocations=14 (full 1):
 PSYoungGen      total 23552K, used 19283K [0x00000007eab00000, 0x00000007ec600000, 0x0000000800000000)
  eden space 20480K, 81% used [0x00000007eab00000,0x00000007ebb4ceb0,0x00000007ebf00000)
  from space 3072K, 84% used [0x00000007ec300000,0x00000007ec588010,0x00000007ec600000)
  to   space 3072K, 0% used [0x00000007ec000000,0x00000007ec000000,0x00000007ec300000)
 ParOldGen       total 68608K, used 18560K [0x00000007c0000000, 0x00000007c4300000, 0x00000007eab00000)
  object space 68608K, 27% used [0x00000007c0000000,0x00000007c1220368,0x00000007c4300000)
 Metaspace       used 35138K, committed 35840K, reserved 1081344K
  class space    used 3584K, committed 3904K, reserved 1048576K
}
Event: 2.654 GC heap after
{Heap after GC invocations=14 (full 1):
 PSYoungGen      total 23552K, used 2564K [0x00000007eab00000, 0x00000007ec500000, 0x0000000800000000)
  eden space 20480K, 0% used [0x00000007eab00000,0x00000007eab00000,0x00000007ebf00000)
  from space 3072K, 83% used [0x00000007ec000000,0x00000007ec2813d0,0x00000007ec300000)
  to   space 2048K, 0% used [0x00000007ec300000,0x00000007ec300000,0x00000007ec500000)
 ParOldGen       total 68608K, used 21008K [0x00000007c0000000, 0x00000007c4300000, 0x00000007eab00000)
  object space 68608K, 30% used [0x00000007c0000000,0x00000007c1484378,0x00000007c4300000)
 Metaspace       used 35138K, committed 35840K, reserved 1081344K
  class space    used 3584K, committed 3904K, reserved 1048576K
}
Event: 2.654 GC heap before
{Heap before GC invocations=15 (full 2):
 PSYoungGen      total 23552K, used 2564K [0x00000007eab00000, 0x00000007ec500000, 0x0000000800000000)
  eden space 20480K, 0% used [0x00000007eab00000,0x00000007eab00000,0x00000007ebf00000)
  from space 3072K, 83% used [0x00000007ec000000,0x00000007ec2813d0,0x00000007ec300000)
  to   space 2048K, 0% used [0x00000007ec300000,0x00000007ec300000,0x00000007ec500000)
 ParOldGen       total 68608K, used 21008K [0x00000007c0000000, 0x00000007c4300000, 0x00000007eab00000)
  object space 68608K, 30% used [0x00000007c0000000,0x00000007c1484378,0x00000007c4300000)
 Metaspace       used 35138K, committed 35840K, reserved 1081344K
  class space    used 3584K, committed 3904K, reserved 1048576K
}

